<?xml version="1.0" encoding="UTF-8"?>
<testsuite name="com.example.android.SimpleCalc.CalculatorTest" tests="9" skipped="0" failures="0" errors="0" timestamp="2023-03-31T08:28:00" hostname="ranovo" time="0.041">
  <properties/>
  <testcase name="addTwoNumbers" classname="com.example.android.SimpleCalc.CalculatorTest" time="0.008"/>
  <testcase name="subTwoNumbers" classname="com.example.android.SimpleCalc.CalculatorTest" time="0.015"/>
  <testcase name="addTwoNumbersNegative" classname="com.example.android.SimpleCalc.CalculatorTest" time="0.0"/>
  <testcase name="mulTwoNumbers" classname="com.example.android.SimpleCalc.CalculatorTest" time="0.001"/>
  <testcase name="subWorksWithNegativeResults" classname="com.example.android.SimpleCalc.CalculatorTest" time="0.0"/>
  <testcase name="divTwoNumbers" classname="com.example.android.SimpleCalc.CalculatorTest" time="0.001"/>
  <testcase name="addTwoNumbersFloats" classname="com.example.android.SimpleCalc.CalculatorTest" time="0.004"/>
  <testcase name="mulTwoNumbersZero" classname="com.example.android.SimpleCalc.CalculatorTest" time="0.0"/>
  <testcase name="divTwoNumbersZero" classname="com.example.android.SimpleCalc.CalculatorTest" time="0.0"/>
  <system-out><![CDATA[]]></system-out>
  <system-err><![CDATA[]]></system-err>
</testsuite>
